mode: set
github.com/nico-phil/grpc-microservices/order/internal/adapters/payment/payment.go:19.62,34.16 4 0
github.com/nico-phil/grpc-microservices/order/internal/adapters/payment/payment.go:34.16,36.3 1 0
github.com/nico-phil/grpc-microservices/order/internal/adapters/payment/payment.go:38.2,40.45 2 0
github.com/nico-phil/grpc-microservices/order/internal/adapters/payment/payment.go:44.72,51.2 2 0
github.com/nico-phil/grpc-microservices/order/internal/adapters/grpc/grpc.go:11.116,14.47 3 0
github.com/nico-phil/grpc-microservices/order/internal/adapters/grpc/grpc.go:14.47,20.3 1 0
github.com/nico-phil/grpc-microservices/order/internal/adapters/grpc/grpc.go:22.2,24.16 3 0
github.com/nico-phil/grpc-microservices/order/internal/adapters/grpc/grpc.go:24.16,26.3 1 0
github.com/nico-phil/grpc-microservices/order/internal/adapters/grpc/grpc.go:27.2,27.60 1 0
github.com/nico-phil/grpc-microservices/order/internal/adapters/grpc/grpc.go:30.108,33.46 3 0
github.com/nico-phil/grpc-microservices/order/internal/adapters/grpc/grpc.go:33.46,39.3 1 0
github.com/nico-phil/grpc-microservices/order/internal/adapters/grpc/grpc.go:40.2,40.16 1 0
github.com/nico-phil/grpc-microservices/order/internal/adapters/grpc/grpc.go:40.16,42.3 1 0
github.com/nico-phil/grpc-microservices/order/internal/adapters/grpc/grpc.go:43.2,43.88 1 0
github.com/nico-phil/grpc-microservices/order/internal/adapters/grpc/grpc.go:46.109,48.2 1 0
github.com/nico-phil/grpc-microservices/order/internal/adapters/grpc/server.go:23.55,25.2 1 0
github.com/nico-phil/grpc-microservices/order/internal/adapters/grpc/server.go:27.23,32.16 3 0
github.com/nico-phil/grpc-microservices/order/internal/adapters/grpc/server.go:32.16,34.3 1 0
github.com/nico-phil/grpc-microservices/order/internal/adapters/grpc/server.go:36.2,40.38 4 0
github.com/nico-phil/grpc-microservices/order/internal/adapters/grpc/server.go:40.38,42.3 1 0
github.com/nico-phil/grpc-microservices/order/internal/adapters/grpc/server.go:44.2,44.49 1 0
github.com/nico-phil/grpc-microservices/order/internal/adapters/grpc/server.go:44.49,46.3 1 0
github.com/nico-phil/grpc-microservices/order/config/config.go:12.22,14.2 1 0
github.com/nico-phil/grpc-microservices/order/config/config.go:16.32,18.2 1 0
github.com/nico-phil/grpc-microservices/order/config/config.go:20.31,23.16 3 0
github.com/nico-phil/grpc-microservices/order/config/config.go:23.16,25.3 1 0
github.com/nico-phil/grpc-microservices/order/config/config.go:27.2,27.13 1 0
github.com/nico-phil/grpc-microservices/order/config/config.go:31.36,33.2 1 0
github.com/nico-phil/grpc-microservices/order/config/config.go:35.45,36.26 1 0
github.com/nico-phil/grpc-microservices/order/config/config.go:36.26,38.3 1 0
github.com/nico-phil/grpc-microservices/order/config/config.go:40.2,40.23 1 0
github.com/nico-phil/grpc-microservices/order/cmd/main.go:13.12,15.16 2 0
github.com/nico-phil/grpc-microservices/order/cmd/main.go:15.16,17.3 1 0
github.com/nico-phil/grpc-microservices/order/cmd/main.go:19.2,20.16 2 0
github.com/nico-phil/grpc-microservices/order/cmd/main.go:20.16,22.3 1 0
github.com/nico-phil/grpc-microservices/order/cmd/main.go:24.2,27.19 3 0
github.com/nico-phil/grpc-microservices/order/internal/adapters/db/db.go:34.56,36.20 2 0
github.com/nico-phil/grpc-microservices/order/internal/adapters/db/db.go:36.20,38.3 1 0
github.com/nico-phil/grpc-microservices/order/internal/adapters/db/db.go:40.2,41.16 2 0
github.com/nico-phil/grpc-microservices/order/internal/adapters/db/db.go:41.16,43.3 1 0
github.com/nico-phil/grpc-microservices/order/internal/adapters/db/db.go:45.2,45.30 1 0
github.com/nico-phil/grpc-microservices/order/internal/adapters/db/db.go:48.75,54.51 4 0
github.com/nico-phil/grpc-microservices/order/internal/adapters/db/db.go:54.51,60.3 1 0
github.com/nico-phil/grpc-microservices/order/internal/adapters/db/db.go:62.2,69.25 2 0
github.com/nico-phil/grpc-microservices/order/internal/adapters/db/db.go:74.71,77.45 2 0
github.com/nico-phil/grpc-microservices/order/internal/adapters/db/db.go:77.45,83.3 1 0
github.com/nico-phil/grpc-microservices/order/internal/adapters/db/db.go:85.2,92.23 3 0
github.com/nico-phil/grpc-microservices/order/internal/adapters/db/db.go:92.23,94.3 1 0
github.com/nico-phil/grpc-microservices/order/internal/adapters/db/db.go:95.2,95.18 1 0
github.com/nico-phil/grpc-microservices/order/internal/application/core/domain/order.go:22.61,29.2 1 0
github.com/nico-phil/grpc-microservices/order/internal/application/core/domain/order.go:32.36,34.41 2 0
github.com/nico-phil/grpc-microservices/order/internal/application/core/domain/order.go:34.41,36.3 1 0
github.com/nico-phil/grpc-microservices/order/internal/application/core/domain/order.go:38.2,38.19 1 0
github.com/nico-phil/grpc-microservices/order/internal/application/core/api/api.go:20.78,25.2 1 1
github.com/nico-phil/grpc-microservices/order/internal/application/core/api/api.go:27.96,29.16 2 1
github.com/nico-phil/grpc-microservices/order/internal/application/core/api/api.go:29.16,31.3 1 1
github.com/nico-phil/grpc-microservices/order/internal/application/core/api/api.go:33.2,34.23 2 1
github.com/nico-phil/grpc-microservices/order/internal/application/core/api/api.go:34.23,47.3 7 1
github.com/nico-phil/grpc-microservices/order/internal/application/core/api/api.go:49.2,49.19 1 1
github.com/nico-phil/grpc-microservices/order/internal/application/core/api/api.go:52.84,54.2 1 0
github.com/nico-phil/grpc-microservices/order/internal/application/core/domain/order.go:22.61,29.2 1 0
github.com/nico-phil/grpc-microservices/order/internal/application/core/domain/order.go:32.36,34.41 2 0
github.com/nico-phil/grpc-microservices/order/internal/application/core/domain/order.go:34.41,36.3 1 0
github.com/nico-phil/grpc-microservices/order/internal/application/core/domain/order.go:38.2,38.19 1 0
